--------------------Moonraker Log Start--------------------
data_path: /home/pi/printer_data
is_default_data_path: False
config_file: /home/pi/printer_data/config/moonraker.conf
startup_warnings: []
verbose: False
debug: False
asyncio_debug: False
is_backup_config: False
is_python_package: False
log_file: /home/pi/printer_data/logs/moonraker.log
software_version: v0.8.0-29-g80920dd
python_version: 3.9.2 (default, Feb 28 2021, 17:03:44)  [GCC 10.2.1 20210110]

#################### Moonraker Configuration ####################

[server]
host = 0.0.0.0
port = 7125
max_upload_size = 1024
klippy_uds_address = ~/printer_data/comms/klippy.sock

[file_manager]
enable_object_processing = False

[authorization]
cors_domains = 
	https://my.mainsail.xyz
	http://my.mainsail.xyz
	http://*.local
	http://*.lan
trusted_clients = 
	10.0.0.0/8
	127.0.0.0/8
	169.254.0.0/16
	172.16.0.0/12
	192.168.0.0/16
	FE80::/10
	::1/128

[octoprint_compat]

[history]

[announcements]
subscriptions = 
	mainsail

[update_manager]
refresh_interval = 168
enable_auto_refresh = True

[update_manager mainsail]
type = web
channel = stable
repo = mainsail-crew/mainsail
path = ~/mainsail

[update_manager mainsail-config]
type = git_repo
primary_branch = master
path = ~/mainsail-config
origin = https://github.com/mainsail-crew/mainsail-config.git
managed_services = klipper

[update_manager crowsnest]
type = git_repo
path = ~/crowsnest
origin = https://github.com/mainsail-crew/crowsnest.git
managed_services = crowsnest
install_script = tools/install.sh

[update_manager sonar]
type = git_repo
path = ~/sonar
origin = https://github.com/mainsail-crew/sonar.git
primary_branch = main
managed_services = sonar
install_script = tools/install.sh

[update_manager client z_calibration]
type = git_repo
path = ~/klipper_z_calibration
origin = https://github.com/protoloft/klipper_z_calibration.git
install_script = install.sh

#################################################################
All Configuration Files:
/home/pi/printer_data/config/moonraker.conf
#################################################################
Unsafe Shutdown Count: 16

System Info:

***python***
  version: sys.version_info(major=3, minor=9, micro=2, releaselevel='final', serial=0)
  version_string: 3.9.2 (default, Feb 28 2021, 17:03:44)  [GCC 10.2.1 20210110]

***cpu_info***
  cpu_count: 4
  bits: 64bit
  processor: aarch64
  cpu_desc: 
  serial_number: 2c6fef96
  hardware_desc: BCM2835
  model: Raspberry Pi 3 Model B Plus Rev 1.3
  total_memory: 880364
  memory_units: kB

***sd_info***
  manufacturer_id: 03
  manufacturer: Sandisk
  oem_id: 5344
  product_name: SR64G
  product_revision: 8.0
  serial_number: f784a704
  manufacturer_date: 4/2021
  capacity: 59.5 GiB
  total_bytes: 63864569856

***distribution***
  name: Debian GNU/Linux 11 (bullseye)
  id: debian
  version: 11
  version_parts: {'major': '11', 'minor': '', 'build_number': ''}
  like: 
  codename: bullseye
  release_info: {'name': 'MainsailOS', 'version_id': '1.0.1', 'codename': 'bullseye', 'id': 'mainsailos'}

***virtualization***
  virt_type: none
  virt_identifier: none

***network***

***canbus***

***Allowed Services***
  klipper_mcu
  webcamd
  MoonCord
  KlipperScreen
  moonraker-telegram-bot
  moonraker-obico
  sonar
  crowsnest
  octoeverywhere

Systemd unit moonraker.service:
unit_name: moonraker.service
is_default: True
manager: systemd
Properties:
**Requires=['system.slice', 'sysinit.target', '-.mount', 'network-online.target']
**After=['sysinit.target', 'network-online.target', 'system.slice', 'basic.target', 'klipper.service', '-.mount', 'systemd-journald.socket']
**SupplementaryGroups=['moonraker-admin']
**EnvironmentFiles=/home/pi/printer_data/systemd/moonraker.env
**ExecStart=/home/pi/moonraker-env/bin/python $MOONRAKER_ARGS
**WorkingDirectory=/home/pi/moonraker
**FragmentPath=/etc/systemd/system/moonraker.service
**Description=API Server for Klipper SV1
**User=pi

Systemd unit klipper.service:
unit_name: klipper.service
is_default: True
manager: systemd
Properties:
**Requires=['-.mount', 'sysinit.target', 'system.slice']
**After=['klipper-mcu.service', 'network-online.target', 'systemd-journald.socket', 'basic.target', '-.mount', 'sysinit.target', 'system.slice']
**SupplementaryGroups=[]
**EnvironmentFiles=/home/pi/printer_data/systemd/klipper.env
**ExecStart=/home/pi/klippy-env/bin/python $KLIPPER_ARGS
**WorkingDirectory=/home/pi/klipper
**FragmentPath=/etc/systemd/system/klipper.service
**Description=Klipper 3D Printer Firmware SV1
**User=pi
Klipper Version: v0.11.0-128-g57c4da5e
2023-03-19 04:25:13,559 [authorization.py:_check_trusted_connection()] - Trusted Connection Detected, IP: 192.168.1.38
2023-03-19 04:25:13,564 [app.py:log_request()] - 101 GET /websocket (192.168.1.38) [_TRUSTED_USER_] 12.15ms
2023-03-19 04:25:13,565 [websockets.py:open()] - Websocket Opened: ID: 547770048768, Proxied: True, User Agent: Mozilla/5.0 (Windows NT 10.0; Win64; x64) AppleWebKit/537.36 (KHTML, like Gecko) Chrome/111.0.0.0 Safari/537.36 Edg/111.0.1661.44, Host Name: 192.168.2.42
2023-03-19 04:25:13,574 [websockets.py:_handle_identify()] - Websocket 547770048768 Client Identified - Name: mainsail, Version: 2.4.1, Type: web
2023-03-19 04:25:18,931 [server.py:_handle_term_signal()] - Exiting with signal SIGTERM
2023-03-19 04:25:19,058 [websockets.py:on_close()] - Websocket Closed: ID: 547770048768 Close Code: 1001, Close Reason: Server Shutdown, Pong Time Elapsed: 5.50
2023-03-19 04:25:19,062 [klippy_connection.py:_on_connection_closed()] - Klippy Connection Removed
2023-03-19 04:25:19,076 [database.py:close()] - Database statistics:

announcements:
psize: 4096
depth: 0
branch_pages: 0
leaf_pages: 0
overflow_pages: 0
entries: 0
authorized_users:
psize: 4096
depth: 1
branch_pages: 0
leaf_pages: 1
overflow_pages: 0
entries: 1
gcode_metadata:
psize: 4096
depth: 1
branch_pages: 0
leaf_pages: 1
overflow_pages: 0
entries: 2
history:
psize: 4096
depth: 2
branch_pages: 1
leaf_pages: 52
overflow_pages: 0
entries: 115
mainsail:
psize: 4096
depth: 1
branch_pages: 0
leaf_pages: 1
overflow_pages: 0
entries: 8
moonraker:
psize: 4096
depth: 1
branch_pages: 0
leaf_pages: 1
overflow_pages: 0
entries: 7
update_manager:
psize: 4096
depth: 2
branch_pages: 1
leaf_pages: 2
overflow_pages: 0
entries: 8
2023-03-19 04:25:19,084 [server.py:main()] - Server Shutdown
--------------------Moonraker Log Start--------------------
data_path: /home/pi/printer_data
is_default_data_path: False
config_file: /home/pi/printer_data/config/moonraker.conf
startup_warnings: []
verbose: False
debug: False
asyncio_debug: False
is_backup_config: False
is_python_package: False
log_file: /home/pi/printer_data/logs/moonraker.log
software_version: v0.8.0-29-g80920dd
python_version: 3.9.2 (default, Feb 28 2021, 17:03:44)  [GCC 10.2.1 20210110]
2023-03-19 04:25:39,574 [loghelper.py:__init__()] - data_path: /home/pi/printer_data
2023-03-19 04:25:39,575 [loghelper.py:__init__()] - is_default_data_path: False
2023-03-19 04:25:39,575 [loghelper.py:__init__()] - config_file: /home/pi/printer_data/config/moonraker.conf
2023-03-19 04:25:39,575 [loghelper.py:__init__()] - startup_warnings: []
2023-03-19 04:25:39,575 [loghelper.py:__init__()] - verbose: False
2023-03-19 04:25:39,575 [loghelper.py:__init__()] - debug: False
2023-03-19 04:25:39,576 [loghelper.py:__init__()] - asyncio_debug: False
2023-03-19 04:25:39,576 [loghelper.py:__init__()] - is_backup_config: False
2023-03-19 04:25:39,576 [loghelper.py:__init__()] - is_python_package: False
2023-03-19 04:25:39,576 [loghelper.py:__init__()] - log_file: /home/pi/printer_data/logs/moonraker.log
2023-03-19 04:25:39,576 [loghelper.py:__init__()] - software_version: v0.8.0-29-g80920dd
2023-03-19 04:25:39,576 [loghelper.py:__init__()] - python_version: 3.9.2 (default, Feb 28 2021, 17:03:44)  [GCC 10.2.1 20210110]
2023-03-19 04:25:39,610 [confighelper.py:read_file()] - Configuration File '/home/pi/printer_data/config/moonraker.conf' parsed, total size: 2343 B
2023-03-19 04:25:39,611 [server.py:add_log_rollover_item()] - 
#################### Moonraker Configuration ####################

[server]
host = 0.0.0.0
port = 7125
max_upload_size = 1024
klippy_uds_address = ~/printer_data/comms/klippy.sock

[file_manager]
enable_object_processing = False

[authorization]
cors_domains = 
	https://my.mainsail.xyz
	http://my.mainsail.xyz
	http://*.local
	http://*.lan
trusted_clients = 
	10.0.0.0/8
	127.0.0.0/8
	169.254.0.0/16
	172.16.0.0/12
	192.168.0.0/16
	FE80::/10
	::1/128

[octoprint_compat]

[history]

[announcements]
subscriptions = 
	mainsail

[update_manager]
refresh_interval = 168
enable_auto_refresh = True

[update_manager mainsail]
type = web
channel = stable
repo = mainsail-crew/mainsail
path = ~/mainsail

[update_manager mainsail-config]
type = git_repo
primary_branch = master
path = ~/mainsail-config
origin = https://github.com/mainsail-crew/mainsail-config.git
managed_services = klipper

[update_manager crowsnest]
type = git_repo
path = ~/crowsnest
origin = https://github.com/mainsail-crew/crowsnest.git
managed_services = crowsnest
install_script = tools/install.sh

[update_manager sonar]
type = git_repo
path = ~/sonar
origin = https://github.com/mainsail-crew/sonar.git
primary_branch = main
managed_services = sonar
install_script = tools/install.sh

[update_manager client z_calibration]
type = git_repo
path = ~/klipper_z_calibration
origin = https://github.com/protoloft/klipper_z_calibration.git
install_script = install.sh

#################################################################
All Configuration Files:
/home/pi/printer_data/config/moonraker.conf
#################################################################
2023-03-19 04:25:39,683 [app.py:register_local_handler()] - Registering HTTP Endpoint: (POST) /server/logs/rollover
2023-03-19 04:25:39,684 [websockets.py:register_api_handler()] - Registering Websocket JSON-RPC methods: server.logs.rollover
2023-03-19 04:25:39,684 [app.py:register_local_handler()] - Registering HTTP Endpoint: (GET) /server/info
2023-03-19 04:25:39,685 [websockets.py:register_api_handler()] - Registering Websocket JSON-RPC methods: server.info
2023-03-19 04:25:39,686 [app.py:register_local_handler()] - Registering HTTP Endpoint: (GET) /server/config
2023-03-19 04:25:39,686 [websockets.py:register_api_handler()] - Registering Websocket JSON-RPC methods: server.config
2023-03-19 04:25:39,687 [app.py:register_local_handler()] - Registering HTTP Endpoint: (POST) /server/restart
2023-03-19 04:25:39,688 [websockets.py:register_api_handler()] - Registering Websocket JSON-RPC methods: server.restart
2023-03-19 04:25:39,917 [server.py:load_component()] - Component (dbus_manager) loaded
2023-03-19 04:25:40,025 [server.py:add_log_rollover_item()] - Unsafe Shutdown Count: 16
2023-03-19 04:25:40,052 [app.py:register_local_handler()] - Registering HTTP Endpoint: (GET) /server/database/list
2023-03-19 04:25:40,053 [websockets.py:register_api_handler()] - Registering Websocket JSON-RPC methods: server.database.list
2023-03-19 04:25:40,053 [app.py:register_local_handler()] - Registering HTTP Endpoint: (GET POST DELETE) /server/database/item
2023-03-19 04:25:40,054 [websockets.py:register_api_handler()] - Registering Websocket JSON-RPC methods: server.database.get_item, server.database.post_item, server.database.delete_item
2023-03-19 04:25:40,055 [server.py:load_component()] - Component (database) loaded
2023-03-19 04:25:40,146 [file_manager.py:__init__()] - Using File System Observer: inotify
2023-03-19 04:25:40,226 [app.py:register_local_handler()] - Registering HTTP Endpoint: (GET) /server/files/list
2023-03-19 04:25:40,228 [websockets.py:register_api_handler()] - Registering Websocket JSON-RPC methods: server.files.list
2023-03-19 04:25:40,229 [app.py:register_local_handler()] - Registering HTTP Endpoint: (GET) /server/files/metadata
2023-03-19 04:25:40,230 [websockets.py:register_api_handler()] - Registering Websocket JSON-RPC methods: server.files.metadata
2023-03-19 04:25:40,230 [app.py:register_local_handler()] - Registering HTTP Endpoint: (POST) /server/files/metascan
2023-03-19 04:25:40,231 [websockets.py:register_api_handler()] - Registering Websocket JSON-RPC methods: server.files.metascan
2023-03-19 04:25:40,232 [app.py:register_local_handler()] - Registering HTTP Endpoint: (GET) /server/files/thumbnails
2023-03-19 04:25:40,236 [websockets.py:register_api_handler()] - Registering Websocket JSON-RPC methods: server.files.thumbnails
2023-03-19 04:25:40,236 [app.py:register_local_handler()] - Registering HTTP Endpoint: (GET) /server/files/roots
2023-03-19 04:25:40,238 [websockets.py:register_api_handler()] - Registering Websocket JSON-RPC methods: server.files.roots
2023-03-19 04:25:40,238 [app.py:register_local_handler()] - Registering HTTP Endpoint: (GET POST DELETE) /server/files/directory
2023-03-19 04:25:40,239 [websockets.py:register_api_handler()] - Registering Websocket JSON-RPC methods: server.files.get_directory, server.files.post_directory, server.files.delete_directory
2023-03-19 04:25:40,240 [app.py:register_local_handler()] - Registering HTTP Endpoint: (POST) /server/files/move
2023-03-19 04:25:40,241 [websockets.py:register_api_handler()] - Registering Websocket JSON-RPC methods: server.files.move
2023-03-19 04:25:40,241 [app.py:register_local_handler()] - Registering HTTP Endpoint: (POST) /server/files/copy
2023-03-19 04:25:40,242 [websockets.py:register_api_handler()] - Registering Websocket JSON-RPC methods: server.files.copy
2023-03-19 04:25:40,242 [app.py:register_local_handler()] - Registering HTTP Endpoint: (POST) /server/files/zip
2023-03-19 04:25:40,243 [websockets.py:register_api_handler()] - Registering Websocket JSON-RPC methods: server.files.zip
2023-03-19 04:25:40,243 [websockets.py:register_api_handler()] - Registering Websocket JSON-RPC methods: server.files.delete_file
2023-03-19 04:25:40,261 [server.py:load_component()] - Component (file_manager) loaded
2023-03-19 04:25:40,272 [app.py:register_local_handler()] - Registering HTTP Endpoint: (POST) /printer/print/pause
2023-03-19 04:25:40,273 [websockets.py:register_api_handler()] - Registering Websocket JSON-RPC methods: printer.print.pause
2023-03-19 04:25:40,273 [app.py:register_local_handler()] - Registering HTTP Endpoint: (POST) /printer/print/resume
2023-03-19 04:25:40,274 [websockets.py:register_api_handler()] - Registering Websocket JSON-RPC methods: printer.print.resume
2023-03-19 04:25:40,274 [app.py:register_local_handler()] - Registering HTTP Endpoint: (POST) /printer/print/cancel
2023-03-19 04:25:40,275 [websockets.py:register_api_handler()] - Registering Websocket JSON-RPC methods: printer.print.cancel
2023-03-19 04:25:40,275 [app.py:register_local_handler()] - Registering HTTP Endpoint: (POST) /printer/print/start
2023-03-19 04:25:40,276 [websockets.py:register_api_handler()] - Registering Websocket JSON-RPC methods: printer.print.start
2023-03-19 04:25:40,277 [app.py:register_local_handler()] - Registering HTTP Endpoint: (POST) /printer/restart
2023-03-19 04:25:40,278 [websockets.py:register_api_handler()] - Registering Websocket JSON-RPC methods: printer.restart
2023-03-19 04:25:40,278 [app.py:register_local_handler()] - Registering HTTP Endpoint: (POST) /printer/firmware_restart
2023-03-19 04:25:40,279 [websockets.py:register_api_handler()] - Registering Websocket JSON-RPC methods: printer.firmware_restart
2023-03-19 04:25:40,279 [server.py:load_component()] - Component (klippy_apis) loaded
2023-03-19 04:25:40,740 [server.py:load_component()] - Component (secrets) loaded
2023-03-19 04:25:40,769 [server.py:load_component()] - Component (template) loaded
2023-03-19 04:25:40,933 [server.py:add_log_rollover_item()] - 
System Info:

***python***
  version: sys.version_info(major=3, minor=9, micro=2, releaselevel='final', serial=0)
  version_string: 3.9.2 (default, Feb 28 2021, 17:03:44)  [GCC 10.2.1 20210110]

***cpu_info***
  cpu_count: 4
  bits: 64bit
  processor: aarch64
  cpu_desc: 
  serial_number: 2c6fef96
  hardware_desc: BCM2835
  model: Raspberry Pi 3 Model B Plus Rev 1.3
  total_memory: 880364
  memory_units: kB

***sd_info***
  manufacturer_id: 03
  manufacturer: Sandisk
  oem_id: 5344
  product_name: SR64G
  product_revision: 8.0
  serial_number: f784a704
  manufacturer_date: 4/2021
  capacity: 59.5 GiB
  total_bytes: 63864569856

***distribution***
  name: Debian GNU/Linux 11 (bullseye)
  id: debian
  version: 11
  version_parts: {'major': '11', 'minor': '', 'build_number': ''}
  like: 
  codename: bullseye
  release_info: {'name': 'MainsailOS', 'version_id': '1.0.1', 'codename': 'bullseye', 'id': 'mainsailos'}

***virtualization***
  virt_type: none
  virt_identifier: none

***network***

***canbus***

***Allowed Services***
  klipper_mcu
  webcamd
  MoonCord
  KlipperScreen
  moonraker-telegram-bot
  moonraker-obico
  sonar
  crowsnest
  octoeverywhere
2023-03-19 04:25:40,941 [server.py:load_component()] - Component (shell_command) loaded
2023-03-19 04:25:40,941 [machine.py:__init__()] - Using System Provider: systemd_dbus
2023-03-19 04:25:40,942 [app.py:register_local_handler()] - Registering HTTP Endpoint: (POST) /machine/reboot
2023-03-19 04:25:40,944 [websockets.py:register_api_handler()] - Registering Websocket JSON-RPC methods: machine.reboot
2023-03-19 04:25:40,944 [app.py:register_local_handler()] - Registering HTTP Endpoint: (POST) /machine/shutdown
2023-03-19 04:25:40,945 [websockets.py:register_api_handler()] - Registering Websocket JSON-RPC methods: machine.shutdown
2023-03-19 04:25:40,945 [app.py:register_local_handler()] - Registering HTTP Endpoint: (POST) /machine/services/restart
2023-03-19 04:25:40,947 [websockets.py:register_api_handler()] - Registering Websocket JSON-RPC methods: machine.services.restart
2023-03-19 04:25:40,948 [app.py:register_local_handler()] - Registering HTTP Endpoint: (POST) /machine/services/stop
2023-03-19 04:25:40,950 [websockets.py:register_api_handler()] - Registering Websocket JSON-RPC methods: machine.services.stop
2023-03-19 04:25:40,950 [app.py:register_local_handler()] - Registering HTTP Endpoint: (POST) /machine/services/start
2023-03-19 04:25:40,951 [websockets.py:register_api_handler()] - Registering Websocket JSON-RPC methods: machine.services.start
2023-03-19 04:25:40,951 [app.py:register_local_handler()] - Registering HTTP Endpoint: (GET) /machine/system_info
2023-03-19 04:25:40,953 [websockets.py:register_api_handler()] - Registering Websocket JSON-RPC methods: machine.system_info
2023-03-19 04:25:40,953 [app.py:register_local_handler()] - Registering HTTP Endpoint: (GET) /machine/sudo/info
2023-03-19 04:25:40,954 [websockets.py:register_api_handler()] - Registering Websocket JSON-RPC methods: machine.sudo.info
2023-03-19 04:25:40,954 [app.py:register_local_handler()] - Registering HTTP Endpoint: (POST) /machine/sudo/password
2023-03-19 04:25:40,955 [websockets.py:register_api_handler()] - Registering Websocket JSON-RPC methods: machine.sudo.password
2023-03-19 04:25:40,957 [server.py:load_component()] - Component (machine) loaded
2023-03-19 04:25:40,965 [app.py:register_local_handler()] - Registering HTTP Endpoint: (GET) /server/temperature_store
2023-03-19 04:25:40,968 [websockets.py:register_api_handler()] - Registering Websocket JSON-RPC methods: server.temperature_store
2023-03-19 04:25:40,968 [app.py:register_local_handler()] - Registering HTTP Endpoint: (GET) /server/gcode_store
2023-03-19 04:25:40,969 [websockets.py:register_api_handler()] - Registering Websocket JSON-RPC methods: server.gcode_store
2023-03-19 04:25:40,969 [server.py:load_component()] - Component (data_store) loaded
2023-03-19 04:25:40,975 [proc_stats.py:__init__()] - Detected 'vcgencmd', throttle checking enabled
2023-03-19 04:25:40,977 [app.py:register_local_handler()] - Registering HTTP Endpoint: (GET) /machine/proc_stats
2023-03-19 04:25:40,977 [websockets.py:register_api_handler()] - Registering Websocket JSON-RPC methods: machine.proc_stats
2023-03-19 04:25:40,978 [server.py:load_component()] - Component (proc_stats) loaded
2023-03-19 04:25:40,983 [server.py:load_component()] - Component (job_state) loaded
2023-03-19 04:25:40,991 [app.py:register_local_handler()] - Registering HTTP Endpoint: (POST DELETE) /server/job_queue/job
2023-03-19 04:25:40,992 [websockets.py:register_api_handler()] - Registering Websocket JSON-RPC methods: server.job_queue.post_job, server.job_queue.delete_job
2023-03-19 04:25:40,992 [app.py:register_local_handler()] - Registering HTTP Endpoint: (POST) /server/job_queue/pause
2023-03-19 04:25:40,993 [websockets.py:register_api_handler()] - Registering Websocket JSON-RPC methods: server.job_queue.pause
2023-03-19 04:25:40,993 [app.py:register_local_handler()] - Registering HTTP Endpoint: (POST) /server/job_queue/start
2023-03-19 04:25:40,994 [websockets.py:register_api_handler()] - Registering Websocket JSON-RPC methods: server.job_queue.start
2023-03-19 04:25:40,994 [app.py:register_local_handler()] - Registering HTTP Endpoint: (GET) /server/job_queue/status
2023-03-19 04:25:40,995 [websockets.py:register_api_handler()] - Registering Websocket JSON-RPC methods: server.job_queue.status
2023-03-19 04:25:40,995 [app.py:register_local_handler()] - Registering HTTP Endpoint: (POST) /server/job_queue/jump
2023-03-19 04:25:40,996 [websockets.py:register_api_handler()] - Registering Websocket JSON-RPC methods: server.job_queue.jump
2023-03-19 04:25:40,996 [server.py:load_component()] - Component (job_queue) loaded
2023-03-19 04:25:41,037 [server.py:load_component()] - Component (http_client) loaded
2023-03-19 04:25:41,046 [app.py:register_local_handler()] - Registering HTTP Endpoint: (GET) /server/announcements/list
2023-03-19 04:25:41,048 [websockets.py:register_api_handler()] - Registering Websocket JSON-RPC methods: server.announcements.list
2023-03-19 04:25:41,048 [app.py:register_local_handler()] - Registering HTTP Endpoint: (POST) /server/announcements/dismiss
2023-03-19 04:25:41,049 [websockets.py:register_api_handler()] - Registering Websocket JSON-RPC methods: server.announcements.dismiss
2023-03-19 04:25:41,049 [app.py:register_local_handler()] - Registering HTTP Endpoint: (POST) /server/announcements/update
2023-03-19 04:25:41,050 [websockets.py:register_api_handler()] - Registering Websocket JSON-RPC methods: server.announcements.update
2023-03-19 04:25:41,050 [app.py:register_local_handler()] - Registering HTTP Endpoint: (POST DELETE) /server/announcements/feed
2023-03-19 04:25:41,052 [websockets.py:register_api_handler()] - Registering Websocket JSON-RPC methods: server.announcements.post_feed, server.announcements.delete_feed
2023-03-19 04:25:41,052 [app.py:register_local_handler()] - Registering HTTP Endpoint: (GET) /server/announcements/feeds
2023-03-19 04:25:41,053 [websockets.py:register_api_handler()] - Registering Websocket JSON-RPC methods: server.announcements.feeds
2023-03-19 04:25:41,053 [server.py:load_component()] - Component (announcements) loaded
2023-03-19 04:25:41,076 [app.py:register_local_handler()] - Registering HTTP Endpoint: (GET) /server/webcams/list
2023-03-19 04:25:41,077 [websockets.py:register_api_handler()] - Registering Websocket JSON-RPC methods: server.webcams.list
2023-03-19 04:25:41,078 [app.py:register_local_handler()] - Registering HTTP Endpoint: (GET POST DELETE) /server/webcams/item
2023-03-19 04:25:41,079 [websockets.py:register_api_handler()] - Registering Websocket JSON-RPC methods: server.webcams.get_item, server.webcams.post_item, server.webcams.delete_item
2023-03-19 04:25:41,079 [app.py:register_local_handler()] - Registering HTTP Endpoint: (POST) /server/webcams/test
2023-03-19 04:25:41,080 [websockets.py:register_api_handler()] - Registering Websocket JSON-RPC methods: server.webcams.test
2023-03-19 04:25:41,080 [server.py:load_component()] - Component (webcam) loaded
2023-03-19 04:25:41,085 [websockets.py:register_api_handler()] - Registering Websocket JSON-RPC methods: connection.send_event
2023-03-19 04:25:41,086 [app.py:register_local_handler()] - Registering HTTP Endpoint: (GET) /server/extensions/list
2023-03-19 04:25:41,087 [websockets.py:register_api_handler()] - Registering Websocket JSON-RPC methods: server.extensions.list
2023-03-19 04:25:41,088 [app.py:register_local_handler()] - Registering HTTP Endpoint: (POST) /server/extensions/request
2023-03-19 04:25:41,089 [websockets.py:register_api_handler()] - Registering Websocket JSON-RPC methods: server.extensions.request
2023-03-19 04:25:41,089 [server.py:load_component()] - Component (extensions) loaded
2023-03-19 04:25:41,100 [app.py:register_local_handler()] - Registering HTTP Endpoint: (GET DELETE) /server/history/job
2023-03-19 04:25:41,101 [websockets.py:register_api_handler()] - Registering Websocket JSON-RPC methods: server.history.get_job, server.history.delete_job
2023-03-19 04:25:41,101 [app.py:register_local_handler()] - Registering HTTP Endpoint: (GET) /server/history/list
2023-03-19 04:25:41,104 [websockets.py:register_api_handler()] - Registering Websocket JSON-RPC methods: server.history.list
2023-03-19 04:25:41,107 [app.py:register_local_handler()] - Registering HTTP Endpoint: (GET) /server/history/totals
2023-03-19 04:25:41,108 [websockets.py:register_api_handler()] - Registering Websocket JSON-RPC methods: server.history.totals
2023-03-19 04:25:41,109 [app.py:register_local_handler()] - Registering HTTP Endpoint: (POST) /server/history/reset_totals
2023-03-19 04:25:41,110 [websockets.py:register_api_handler()] - Registering Websocket JSON-RPC methods: server.history.reset_totals
2023-03-19 04:25:41,116 [server.py:load_component()] - Component (history) loaded
2023-03-19 04:25:41,127 [app.py:register_local_handler()] - Registering HTTP Endpoint: (GET) /api/version
2023-03-19 04:25:41,128 [app.py:register_local_handler()] - Registering HTTP Endpoint: (GET) /api/server
2023-03-19 04:25:41,129 [app.py:register_local_handler()] - Registering HTTP Endpoint: (POST) /api/login
2023-03-19 04:25:41,130 [app.py:register_local_handler()] - Registering HTTP Endpoint: (GET) /api/currentuser
2023-03-19 04:25:41,131 [app.py:register_local_handler()] - Registering HTTP Endpoint: (GET) /api/settings
2023-03-19 04:25:41,133 [app.py:register_local_handler()] - Registering HTTP Endpoint: (GET) /api/job
2023-03-19 04:25:41,134 [app.py:register_local_handler()] - Registering HTTP Endpoint: (GET) /api/printer
2023-03-19 04:25:41,135 [app.py:register_local_handler()] - Registering HTTP Endpoint: (POST) /api/printer/command
2023-03-19 04:25:41,137 [app.py:register_local_handler()] - Registering HTTP Endpoint: (GET) /api/printerprofiles
2023-03-19 04:25:41,139 [app.py:register_local_handler()] - Registering HTTP Endpoint: (POST) /api/files/moonraker/(?P<relative_path>.+)
2023-03-19 04:25:41,141 [server.py:load_component()] - Component (octoprint_compat) loaded
2023-03-19 04:25:41,293 [base_deploy.py:log_info()] - Application moonraker: Detected virtualenv: /home/pi/moonraker-env
2023-03-19 04:25:41,301 [base_deploy.py:log_info()] - Application klipper: Detected virtualenv: /home/pi/klippy-env
2023-03-19 04:25:41,329 [server.py:add_warning()] - [update_manager client z_calibration]: Moonraker is not permitted to restart service 'z_calibration'.  To enable management of this service add z_calibration to the bottom of the file /home/pi/printer_data/moonraker.asvc.  To disable management for this service set 'is_system_service: False' in the configuration for this section.
2023-03-19 04:25:41,332 [app.py:register_local_handler()] - Registering HTTP Endpoint: (POST) /machine/update/moonraker
2023-03-19 04:25:41,333 [websockets.py:register_api_handler()] - Registering Websocket JSON-RPC methods: machine.update.moonraker
2023-03-19 04:25:41,334 [app.py:register_local_handler()] - Registering HTTP Endpoint: (POST) /machine/update/klipper
2023-03-19 04:25:41,335 [websockets.py:register_api_handler()] - Registering Websocket JSON-RPC methods: machine.update.klipper
2023-03-19 04:25:41,335 [app.py:register_local_handler()] - Registering HTTP Endpoint: (POST) /machine/update/system
2023-03-19 04:25:41,336 [websockets.py:register_api_handler()] - Registering Websocket JSON-RPC methods: machine.update.system
2023-03-19 04:25:41,336 [app.py:register_local_handler()] - Registering HTTP Endpoint: (POST) /machine/update/client
2023-03-19 04:25:41,337 [websockets.py:register_api_handler()] - Registering Websocket JSON-RPC methods: machine.update.client
2023-03-19 04:25:41,338 [app.py:register_local_handler()] - Registering HTTP Endpoint: (POST) /machine/update/full
2023-03-19 04:25:41,339 [websockets.py:register_api_handler()] - Registering Websocket JSON-RPC methods: machine.update.full
2023-03-19 04:25:41,339 [app.py:register_local_handler()] - Registering HTTP Endpoint: (GET) /machine/update/status
2023-03-19 04:25:41,340 [websockets.py:register_api_handler()] - Registering Websocket JSON-RPC methods: machine.update.status
2023-03-19 04:25:41,341 [app.py:register_local_handler()] - Registering HTTP Endpoint: (POST) /machine/update/refresh
2023-03-19 04:25:41,341 [websockets.py:register_api_handler()] - Registering Websocket JSON-RPC methods: machine.update.refresh
2023-03-19 04:25:41,342 [app.py:register_local_handler()] - Registering HTTP Endpoint: (POST) /machine/update/recover
2023-03-19 04:25:41,343 [websockets.py:register_api_handler()] - Registering Websocket JSON-RPC methods: machine.update.recover
2023-03-19 04:25:41,344 [server.py:load_component()] - Component (update_manager) loaded
2023-03-19 04:25:41,407 [authorization.py:__init__()] - Authorization Configuration Loaded
Trusted Clients:
10.0.0.0/8
127.0.0.0/8
169.254.0.0/16
172.16.0.0/12
192.168.0.0/16
fe80::/10
::1/128
CORS Domains:
https://my\.mainsail\.xyz
http://my\.mainsail\.xyz
http://.*\.local
http://.*\.lan
2023-03-19 04:25:41,407 [app.py:register_local_handler()] - Registering HTTP Endpoint: (POST) /access/login
2023-03-19 04:25:41,408 [websockets.py:register_api_handler()] - Registering Websocket JSON-RPC methods: access.login
2023-03-19 04:25:41,408 [app.py:register_local_handler()] - Registering HTTP Endpoint: (POST) /access/logout
2023-03-19 04:25:41,409 [websockets.py:register_api_handler()] - Registering Websocket JSON-RPC methods: access.logout
2023-03-19 04:25:41,409 [app.py:register_local_handler()] - Registering HTTP Endpoint: (POST) /access/refresh_jwt
2023-03-19 04:25:41,410 [websockets.py:register_api_handler()] - Registering Websocket JSON-RPC methods: access.refresh_jwt
2023-03-19 04:25:41,410 [app.py:register_local_handler()] - Registering HTTP Endpoint: (GET POST DELETE) /access/user
2023-03-19 04:25:41,411 [websockets.py:register_api_handler()] - Registering Websocket JSON-RPC methods: access.get_user, access.post_user, access.delete_user
2023-03-19 04:25:41,411 [app.py:register_local_handler()] - Registering HTTP Endpoint: (GET) /access/users/list
2023-03-19 04:25:41,413 [websockets.py:register_api_handler()] - Registering Websocket JSON-RPC methods: access.users.list
2023-03-19 04:25:41,414 [app.py:register_local_handler()] - Registering HTTP Endpoint: (POST) /access/user/password
2023-03-19 04:25:41,415 [websockets.py:register_api_handler()] - Registering Websocket JSON-RPC methods: access.user.password
2023-03-19 04:25:41,415 [app.py:register_local_handler()] - Registering HTTP Endpoint: (GET POST) /access/api_key
2023-03-19 04:25:41,416 [websockets.py:register_api_handler()] - Registering Websocket JSON-RPC methods: access.get_api_key, access.post_api_key
2023-03-19 04:25:41,417 [app.py:register_local_handler()] - Registering HTTP Endpoint: (GET) /access/oneshot_token
2023-03-19 04:25:41,417 [websockets.py:register_api_handler()] - Registering Websocket JSON-RPC methods: access.oneshot_token
2023-03-19 04:25:41,418 [app.py:register_local_handler()] - Registering HTTP Endpoint: (GET) /access/info
2023-03-19 04:25:41,419 [websockets.py:register_api_handler()] - Registering Websocket JSON-RPC methods: access.info
2023-03-19 04:25:41,420 [server.py:load_component()] - Component (authorization) loaded
2023-03-19 04:25:41,441 [server.py:_initialize_component()] - Performing Component Post Init: [dbus_manager]
2023-03-19 04:25:41,475 [server.py:_initialize_component()] - Performing Component Post Init: [file_manager]
2023-03-19 04:25:41,514 [server.py:_initialize_component()] - Performing Component Post Init: [machine]
2023-03-19 04:25:41,515 [machine.py:validation_init()] - Installation version in database up to date
2023-03-19 04:25:42,277 [machine.py:check_virt_status()] - No Virtualization Detected
2023-03-19 04:25:42,306 [machine.py:_find_public_ip()] - Detected Local IP: 192.168.2.42
2023-03-19 04:25:42,312 [webcam.py:_set_default_host_ip()] - Default public webcam address set: http://192.168.2.42
2023-03-19 04:25:42,436 [server.py:add_log_rollover_item()] - 
Systemd unit moonraker.service:
unit_name: moonraker.service
is_default: True
manager: systemd
Properties:
**Requires=['sysinit.target', '-.mount', 'system.slice', 'network-online.target']
**After=['network-online.target', 'klipper.service', '-.mount', 'system.slice', 'sysinit.target', 'systemd-journald.socket', 'basic.target']
**SupplementaryGroups=['moonraker-admin']
**EnvironmentFiles=/home/pi/printer_data/systemd/moonraker.env
**ExecStart=/home/pi/moonraker-env/bin/python $MOONRAKER_ARGS
**WorkingDirectory=/home/pi/moonraker
**FragmentPath=/etc/systemd/system/moonraker.service
**Description=API Server for Klipper SV1
**User=pi
2023-03-19 04:25:42,436 [server.py:_initialize_component()] - Performing Component Post Init: [proc_stats]
2023-03-19 04:25:42,437 [server.py:_initialize_component()] - Performing Component Post Init: [announcements]
2023-03-19 04:25:42,441 [server.py:_initialize_component()] - Performing Component Post Init: [webcam]
2023-03-19 04:25:42,442 [webcam.py:_set_default_host_ip()] - Default public webcam address set: http://192.168.2.42
2023-03-19 04:25:42,444 [server.py:_initialize_component()] - Performing Component Post Init: [klippy_connection]
2023-03-19 04:25:42,445 [server.py:add_log_rollover_item()] - 
Systemd unit klipper.service:
unit_name: klipper.service
is_default: True
manager: systemd
Properties:
**Requires=['-.mount', 'sysinit.target', 'system.slice']
**After=['klipper-mcu.service', 'network-online.target', 'systemd-journald.socket', 'basic.target', '-.mount', 'sysinit.target', 'system.slice']
**SupplementaryGroups=[]
**EnvironmentFiles=/home/pi/printer_data/systemd/klipper.env
**ExecStart=/home/pi/klippy-env/bin/python $KLIPPER_ARGS
**WorkingDirectory=/home/pi/klipper
**FragmentPath=/etc/systemd/system/klipper.service
**Description=Klipper 3D Printer Firmware SV1
**User=pi
2023-03-19 04:25:42,445 [server.py:_initialize_component()] - Performing Component Post Init: [update_manager]
2023-03-19 04:25:42,450 [server.py:_initialize_component()] - Performing Component Post Init: [authorization]
2023-03-19 04:25:44,196 [update_manager.py:initialize()] - PackageDeploy: Using PackageKit Provider
2023-03-19 04:25:44,197 [base_deploy.py:log_info()] - Application moonraker: Stored pip version: 20.3.4
2023-03-19 04:25:44,198 [update_manager.py:initialize()] - 
Initializing Client Updater: 'mainsail',
Channel: stable
path: /home/pi/mainsail
2023-03-19 04:25:44,200 [extensions.py:start_unix_server()] - Creating Unix Domain Socket at '/home/pi/printer_data/comms/moonraker.sock'
2023-03-19 04:25:44,203 [server.py:start_server()] - Starting Moonraker on (0.0.0.0, 7125), Hostname: Voron
2023-03-19 04:25:44,205 [app.py:listen()] - SSL Certificate/Key not configured, aborting HTTPS Server startup
2023-03-19 04:25:44,459 [klippy_connection.py:_do_connect()] - Klippy Connection Established
2023-03-19 04:25:44,569 [server.py:add_log_rollover_item()] - 
Systemd unit klipper.service:
unit_name: klipper.service
is_default: True
manager: systemd
Properties:
**Requires=['-.mount', 'system.slice', 'sysinit.target']
**After=['-.mount', 'basic.target', 'sysinit.target', 'systemd-journald.socket', 'klipper-mcu.service', 'network-online.target', 'system.slice']
**SupplementaryGroups=[]
**EnvironmentFiles=/home/pi/printer_data/systemd/klipper.env
**ExecStart=/home/pi/klippy-env/bin/python $KLIPPER_ARGS
**WorkingDirectory=/home/pi/klipper
**FragmentPath=/etc/systemd/system/klipper.service
**Description=Klipper 3D Printer Firmware SV1
**User=pi
2023-03-19 04:25:44,827 [server.py:add_log_rollover_item()] - Klipper Version: v0.11.0-128-g57c4da5e
2023-03-19 04:25:44,847 [app.py:register_remote_handler()] - Registering HTTP endpoint: (GET POST) /printer/info
2023-03-19 04:25:44,849 [websockets.py:register_api_handler()] - Registering Websocket JSON-RPC methods: printer.info
2023-03-19 04:25:44,849 [app.py:register_remote_handler()] - Registering HTTP endpoint: (GET POST) /printer/emergency_stop
2023-03-19 04:25:44,850 [websockets.py:register_api_handler()] - Registering Websocket JSON-RPC methods: printer.emergency_stop
2023-03-19 04:25:44,851 [app.py:register_remote_handler()] - Registering HTTP endpoint: (GET POST) /printer/gcode/help
2023-03-19 04:25:44,852 [websockets.py:register_api_handler()] - Registering Websocket JSON-RPC methods: printer.gcode.help
2023-03-19 04:25:44,852 [app.py:register_remote_handler()] - Registering HTTP endpoint: (GET POST) /printer/gcode/script
2023-03-19 04:25:44,854 [websockets.py:register_api_handler()] - Registering Websocket JSON-RPC methods: printer.gcode.script
2023-03-19 04:25:44,854 [app.py:register_remote_handler()] - Registering HTTP endpoint: (GET POST) /printer/gcode/restart
2023-03-19 04:25:44,855 [websockets.py:register_api_handler()] - Registering Websocket JSON-RPC methods: printer.gcode.restart
2023-03-19 04:25:44,856 [app.py:register_remote_handler()] - Registering HTTP endpoint: (GET POST) /printer/gcode/firmware_restart
2023-03-19 04:25:44,857 [websockets.py:register_api_handler()] - Registering Websocket JSON-RPC methods: printer.gcode.firmware_restart
2023-03-19 04:25:44,858 [app.py:register_remote_handler()] - Registering HTTP endpoint: (GET POST) /printer/objects/list
2023-03-19 04:25:44,860 [websockets.py:register_api_handler()] - Registering Websocket JSON-RPC methods: printer.objects.list
2023-03-19 04:25:44,860 [app.py:register_remote_handler()] - Registering HTTP endpoint: (GET POST) /printer/objects/query
2023-03-19 04:25:44,861 [websockets.py:register_api_handler()] - Registering Websocket JSON-RPC methods: printer.objects.query
2023-03-19 04:25:44,862 [app.py:register_remote_handler()] - Registering HTTP endpoint: (GET POST) /printer/objects/subscribe
2023-03-19 04:25:44,863 [websockets.py:register_api_handler()] - Registering Websocket JSON-RPC methods: printer.objects.subscribe
2023-03-19 04:25:44,863 [app.py:register_remote_handler()] - Registering HTTP endpoint: (GET POST) /printer/pause_resume/cancel
2023-03-19 04:25:44,865 [websockets.py:register_api_handler()] - Registering Websocket JSON-RPC methods: printer.pause_resume.cancel
2023-03-19 04:25:44,866 [app.py:register_remote_handler()] - Registering HTTP endpoint: (GET POST) /printer/pause_resume/pause
2023-03-19 04:25:44,867 [websockets.py:register_api_handler()] - Registering Websocket JSON-RPC methods: printer.pause_resume.pause
2023-03-19 04:25:44,868 [app.py:register_remote_handler()] - Registering HTTP endpoint: (GET POST) /printer/pause_resume/resume
2023-03-19 04:25:44,869 [websockets.py:register_api_handler()] - Registering Websocket JSON-RPC methods: printer.pause_resume.resume
2023-03-19 04:25:44,881 [app.py:register_remote_handler()] - Registering HTTP endpoint: (GET POST) /printer/adxl345/dump_adxl345
2023-03-19 04:25:44,882 [websockets.py:register_api_handler()] - Registering Websocket JSON-RPC methods: printer.adxl345.dump_adxl345
2023-03-19 04:25:44,883 [app.py:register_remote_handler()] - Registering HTTP endpoint: (GET POST) /printer/motion_report/dump_stepper
2023-03-19 04:25:44,885 [websockets.py:register_api_handler()] - Registering Websocket JSON-RPC methods: printer.motion_report.dump_stepper
2023-03-19 04:25:44,885 [app.py:register_remote_handler()] - Registering HTTP endpoint: (GET POST) /printer/query_endstops/status
2023-03-19 04:25:44,887 [websockets.py:register_api_handler()] - Registering Websocket JSON-RPC methods: printer.query_endstops.status
2023-03-19 04:25:46,159 [klippy_connection.py:_request_initial_subscriptions()] - Webhooks Subscribed
2023-03-19 04:25:46,162 [klippy_connection.py:_request_initial_subscriptions()] - GCode Output Subscribed
2023-03-19 04:25:46,166 [app.py:register_remote_handler()] - Registering HTTP endpoint: (GET POST) /printer/motion_report/dump_trapq
2023-03-19 04:25:46,167 [websockets.py:register_api_handler()] - Registering Websocket JSON-RPC methods: printer.motion_report.dump_trapq
2023-03-19 04:25:46,410 [job_state.py:_handle_started()] - Job state initialized: standby
2023-03-19 04:25:46,682 [klippy_connection.py:_check_ready()] - Klippy ready
2023-03-19 04:25:47,162 [data_store.py:_init_sensors()] - Configuring available sensors: ['heater_bed', 'extruder']
2023-03-19 13:40:32,972 [authorization.py:_check_trusted_connection()] - Trusted Connection Detected, IP: 192.168.1.38
2023-03-19 13:40:32,979 [app.py:log_request()] - 101 GET /websocket (192.168.1.38) [_TRUSTED_USER_] 13.36ms
2023-03-19 13:40:32,982 [websockets.py:open()] - Websocket Opened: ID: 548153243632, Proxied: True, User Agent: Mozilla/5.0 (Windows NT 10.0; Win64; x64) AppleWebKit/537.36 (KHTML, like Gecko) Chrome/111.0.0.0 Safari/537.36 Edg/111.0.1661.44, Host Name: 192.168.2.42
2023-03-19 13:40:32,992 [websockets.py:_handle_identify()] - Websocket 548153243632 Client Identified - Name: mainsail, Version: 2.4.1, Type: web
2023-03-19 13:47:14,338 [websockets.py:on_close()] - Websocket Closed: ID: 548153243632 Close Code: 1001, Close Reason: None, Pong Time Elapsed: 1.35
2023-03-19 13:47:15,037 [app.py:log_request()] - 101 GET /websocket (192.168.1.38) [_TRUSTED_USER_] 4.47ms
2023-03-19 13:47:15,038 [websockets.py:open()] - Websocket Opened: ID: 548153241856, Proxied: True, User Agent: Mozilla/5.0 (Windows NT 10.0; Win64; x64) AppleWebKit/537.36 (KHTML, like Gecko) Chrome/111.0.0.0 Safari/537.36 Edg/111.0.1661.44, Host Name: 192.168.2.42
2023-03-19 13:47:15,044 [websockets.py:_handle_identify()] - Websocket 548153241856 Client Identified - Name: mainsail, Version: 2.5.0, Type: web
